Looking for git in: git
Using git 2.25.1 from git
> git rev-parse --git-dir
Open repository: /home/project/laravel-socket
> git status -z -u
> git symbolic-ref --short HEAD
> git for-each-ref --format=%(refname)%00%(upstream:short)%00%(upstream:track)%00%(objectname) refs/heads/master refs/remotes/master
> git for-each-ref --sort -committerdate --format %(refname) %(objectname) %(*objectname)
> git remote --verbose
> git config --get commit.template
> git check-ignore -v -z --stdin
> git check-ignore -v -z --stdin
> git show --textconv HEAD:~/.vscode-root/Cookies
> git ls-tree -l HEAD -- /home/project/laravel-socket/~/.vscode-root/Cookies
> git ls-tree -l HEAD -- /home/project/laravel-socket/~/.vscode-root/Cookies
> git check-ignore -v -z --stdin
> git status -z -u
> git symbolic-ref --short HEAD
> git for-each-ref --format=%(refname)%00%(upstream:short)%00%(upstream:track)%00%(objectname) refs/heads/master refs/remotes/master
> git for-each-ref --sort -committerdate --format %(refname) %(objectname) %(*objectname)
> git remote --verbose
> git config --get commit.template
> git show --textconv HEAD:database/seeders/DatabaseSeeder.php
> git ls-tree -l HEAD -- /home/project/laravel-socket/database/seeders/DatabaseSeeder.php
> git check-ignore -v -z --stdin
> git show --textconv HEAD:database/seeders/UsersTableSeeder.php
> git ls-tree -l HEAD -- /home/project/laravel-socket/database/seeders/UsersTableSeeder.php
> git show --textconv HEAD:app/Models/Post.php
> git show --textconv :app/Models/Post.php
> git ls-tree -l HEAD -- /home/project/laravel-socket/app/Models/Post.php
> git ls-files --stage -- /home/project/laravel-socket/app/Models/Post.php
> git cat-file -s 089656b3e7a1ad14282f97dce9062c98da6dbb1a
> git check-ignore -v -z --stdin
> git show --textconv HEAD:database/migrations/2021_04_07_193519_create_posts_table.php
> git show --textconv :database/migrations/2021_04_07_193519_create_posts_table.php
> git ls-tree -l HEAD -- /home/project/laravel-socket/database/migrations/2021_04_07_193519_create_posts_table.php
> git ls-files --stage -- /home/project/laravel-socket/database/migrations/2021_04_07_193519_create_posts_table.php
> git cat-file -s 687dda74d84e80cfa29cba602eec9c9a357bf4b4
> git check-ignore -v -z --stdin
> git show --textconv HEAD:package-lock.json
> git show --textconv :package-lock.json
> git ls-tree -l HEAD -- /home/project/laravel-socket/package-lock.json
> git ls-files --stage -- /home/project/laravel-socket/package-lock.json
> git cat-file -s 94baa26597e06ff0ede009a1c507918a456b286b
> git check-ignore -v -z --stdin
> git status -z -u
> git symbolic-ref --short HEAD
> git for-each-ref --format=%(refname)%00%(upstream:short)%00%(upstream:track)%00%(objectname) refs/heads/master refs/remotes/master
> git for-each-ref --sort -committerdate --format %(refname) %(objectname) %(*objectname)
> git remote --verbose
> git config --get commit.template
> git ls-tree -l HEAD -- /home/project/laravel-socket/package-lock.json
> git ls-files --stage -- /home/project/laravel-socket/package-lock.json
> git cat-file -s 94baa26597e06ff0ede009a1c507918a456b286b
> git show --textconv HEAD:package-lock.json
> git show --textconv :package-lock.json
> git check-ignore -v -z --stdin
> git status -z -u
> git symbolic-ref --short HEAD
> git for-each-ref --format=%(refname)%00%(upstream:short)%00%(upstream:track)%00%(objectname) refs/heads/master refs/remotes/master
> git for-each-ref --sort -committerdate --format %(refname) %(objectname) %(*objectname)
> git remote --verbose
> git config --get commit.template
> git ls-tree -l HEAD -- /home/project/laravel-socket/package-lock.json
> git ls-files --stage -- /home/project/laravel-socket/package-lock.json
> git cat-file -s 94baa26597e06ff0ede009a1c507918a456b286b
> git show --textconv HEAD:package-lock.json
> git show --textconv :package-lock.json
> git check-ignore -v -z --stdin
> git status -z -u
> git symbolic-ref --short HEAD
> git for-each-ref --format=%(refname)%00%(upstream:short)%00%(upstream:track)%00%(objectname) refs/heads/master refs/remotes/master
> git for-each-ref --sort -committerdate --format %(refname) %(objectname) %(*objectname)
> git remote --verbose
> git config --get commit.template
> git status -z -u
> git symbolic-ref --short HEAD
> git for-each-ref --format=%(refname)%00%(upstream:short)%00%(upstream:track)%00%(objectname) refs/heads/master refs/remotes/master
> git for-each-ref --sort -committerdate --format %(refname) %(objectname) %(*objectname)
> git remote --verbose
> git config --get commit.template
> git ls-tree -l HEAD -- /home/project/laravel-socket/package-lock.json
> git ls-files --stage -- /home/project/laravel-socket/package-lock.json
> git cat-file -s 94baa26597e06ff0ede009a1c507918a456b286b
> git show --textconv HEAD:package-lock.json
> git show --textconv :package-lock.json
> git check-ignore -v -z --stdin
> git status -z -u
> git symbolic-ref --short HEAD
> git for-each-ref --format=%(refname)%00%(upstream:short)%00%(upstream:track)%00%(objectname) refs/heads/master refs/remotes/master
> git for-each-ref --sort -committerdate --format %(refname) %(objectname) %(*objectname)
> git remote --verbose
> git config --get commit.template
> git check-ignore -v -z --stdin
> git check-ignore -v -z --stdin
